<?xml version="1.0" encoding="UTF-8"?>
<testng-results skipped="0" failed="0" total="1" passed="1">
  <reporter-output>
  </reporter-output>
  <suite name="Default suite" duration-ms="64453" started-at="2020-03-22T02:14:40Z" finished-at="2020-03-22T02:15:45Z">
    <groups>
    </groups>
    <test name="Default test" duration-ms="64453" started-at="2020-03-22T02:14:40Z" finished-at="2020-03-22T02:15:45Z">
      <class name="com.testingshastra.tests.Regression">
        <test-method status="PASS" signature="tc_01()[pri:0, instance:com.testingshastra.tests.Regression@1a38c59b]" name="tc_01" duration-ms="64412" started-at="2020-03-22T07:44:40Z" finished-at="2020-03-22T07:45:45Z">
          <reporter-output>
          </reporter-output>
        </test-method> <!-- tc_01 -->
      </class> <!-- com.testingshastra.tests.Regression -->
    </test> <!-- Default test -->
  </suite> <!-- Default suite -->
</testng-results>
